2020-10-15 14:20:49.796 [main] INFO  o.s.b.t.c.SpringBootTestContextBootstrapper | Neither @ContextConfiguration nor @ContextHierarchy found for test class [com.boonya.springcloud.messages.rabbitmq.MqRabbitmqApplicationTests], using SpringBootContextLoader
2020-10-15 14:20:49.811 [main] INFO  o.s.t.c.s.AbstractContextLoader | Could not detect default resource locations for test class [com.boonya.springcloud.messages.rabbitmq.MqRabbitmqApplicationTests]: no resource found for suffixes {-context.xml, Context.groovy}.
2020-10-15 14:20:49.814 [main] INFO  o.s.t.c.s.AnnotationConfigContextLoaderUtils | Could not detect default configuration classes for test class [com.boonya.springcloud.messages.rabbitmq.MqRabbitmqApplicationTests]: MqRabbitmqApplicationTests does not declare any static, non-private, non-final, nested classes annotated with @Configuration.
2020-10-15 14:20:50.245 [main] INFO  o.s.b.t.c.SpringBootTestContextBootstrapper | Found @SpringBootConfiguration com.boonya.springcloud.messages.rabbitmq.MqRabbitmqApplication for test class com.boonya.springcloud.messages.rabbitmq.MqRabbitmqApplicationTests
2020-10-15 14:20:50.624 [main] INFO  o.s.b.t.c.SpringBootTestContextBootstrapper | Loaded default TestExecutionListener class names from location [META-INF/spring.factories]: [org.springframework.boot.test.mock.mockito.MockitoTestExecutionListener, org.springframework.boot.test.mock.mockito.ResetMocksTestExecutionListener, org.springframework.boot.test.autoconfigure.restdocs.RestDocsTestExecutionListener, org.springframework.boot.test.autoconfigure.web.client.MockRestServiceServerResetTestExecutionListener, org.springframework.boot.test.autoconfigure.web.servlet.MockMvcPrintOnlyOnFailureTestExecutionListener, org.springframework.boot.test.autoconfigure.web.servlet.WebDriverTestExecutionListener, org.springframework.test.context.web.ServletTestExecutionListener, org.springframework.test.context.support.DirtiesContextBeforeModesTestExecutionListener, org.springframework.test.context.support.DependencyInjectionTestExecutionListener, org.springframework.test.context.support.DirtiesContextTestExecutionListener, org.springframework.test.context.transaction.TransactionalTestExecutionListener, org.springframework.test.context.jdbc.SqlScriptsTestExecutionListener, org.springframework.test.context.event.EventPublishingTestExecutionListener]
2020-10-15 14:20:50.675 [main] INFO  o.s.b.t.c.SpringBootTestContextBootstrapper | Using TestExecutionListeners: [org.springframework.test.context.web.ServletTestExecutionListener@24569dba, org.springframework.test.context.support.DirtiesContextBeforeModesTestExecutionListener@5ddeb7cb, org.springframework.boot.test.mock.mockito.MockitoTestExecutionListener@70ed52de, org.springframework.boot.test.autoconfigure.SpringBootDependencyInjectionTestExecutionListener@496bc455, org.springframework.test.context.support.DirtiesContextTestExecutionListener@59402b8f, org.springframework.test.context.transaction.TransactionalTestExecutionListener@7188af83, org.springframework.test.context.jdbc.SqlScriptsTestExecutionListener@6be968ce, org.springframework.test.context.event.EventPublishingTestExecutionListener@7c37508a, org.springframework.boot.test.mock.mockito.ResetMocksTestExecutionListener@247310d0, org.springframework.boot.test.autoconfigure.restdocs.RestDocsTestExecutionListener@1033576a, org.springframework.boot.test.autoconfigure.web.client.MockRestServiceServerResetTestExecutionListener@303cf2ba, org.springframework.boot.test.autoconfigure.web.servlet.MockMvcPrintOnlyOnFailureTestExecutionListener@76494737, org.springframework.boot.test.autoconfigure.web.servlet.WebDriverTestExecutionListener@4a003cbe]
2020-10-15 14:20:50.824 [main] INFO  o.s.b.t.c.SpringBootTestContextBootstrapper | Neither @ContextConfiguration nor @ContextHierarchy found for test class [com.boonya.springcloud.messages.rabbitmq.MqRabbitmqApplicationTests], using SpringBootContextLoader
2020-10-15 14:20:50.837 [main] INFO  o.s.t.c.s.AbstractContextLoader | Could not detect default resource locations for test class [com.boonya.springcloud.messages.rabbitmq.MqRabbitmqApplicationTests]: no resource found for suffixes {-context.xml, Context.groovy}.
2020-10-15 14:20:50.839 [main] INFO  o.s.t.c.s.AnnotationConfigContextLoaderUtils | Could not detect default configuration classes for test class [com.boonya.springcloud.messages.rabbitmq.MqRabbitmqApplicationTests]: MqRabbitmqApplicationTests does not declare any static, non-private, non-final, nested classes annotated with @Configuration.
2020-10-15 14:20:50.845 [main] INFO  o.s.b.t.c.SpringBootTestContextBootstrapper | Found @SpringBootConfiguration com.boonya.springcloud.messages.rabbitmq.MqRabbitmqApplication for test class com.boonya.springcloud.messages.rabbitmq.MqRabbitmqApplicationTests
2020-10-15 14:20:50.856 [main] INFO  o.s.b.t.c.SpringBootTestContextBootstrapper | Loaded default TestExecutionListener class names from location [META-INF/spring.factories]: [org.springframework.boot.test.mock.mockito.MockitoTestExecutionListener, org.springframework.boot.test.mock.mockito.ResetMocksTestExecutionListener, org.springframework.boot.test.autoconfigure.restdocs.RestDocsTestExecutionListener, org.springframework.boot.test.autoconfigure.web.client.MockRestServiceServerResetTestExecutionListener, org.springframework.boot.test.autoconfigure.web.servlet.MockMvcPrintOnlyOnFailureTestExecutionListener, org.springframework.boot.test.autoconfigure.web.servlet.WebDriverTestExecutionListener, org.springframework.test.context.web.ServletTestExecutionListener, org.springframework.test.context.support.DirtiesContextBeforeModesTestExecutionListener, org.springframework.test.context.support.DependencyInjectionTestExecutionListener, org.springframework.test.context.support.DirtiesContextTestExecutionListener, org.springframework.test.context.transaction.TransactionalTestExecutionListener, org.springframework.test.context.jdbc.SqlScriptsTestExecutionListener, org.springframework.test.context.event.EventPublishingTestExecutionListener]
2020-10-15 14:20:50.858 [main] INFO  o.s.b.t.c.SpringBootTestContextBootstrapper | Using TestExecutionListeners: [org.springframework.test.context.web.ServletTestExecutionListener@58e1d9d, org.springframework.test.context.support.DirtiesContextBeforeModesTestExecutionListener@446a1e84, org.springframework.boot.test.mock.mockito.MockitoTestExecutionListener@4f0f2942, org.springframework.boot.test.autoconfigure.SpringBootDependencyInjectionTestExecutionListener@2657d4dd, org.springframework.test.context.support.DirtiesContextTestExecutionListener@5340477f, org.springframework.test.context.transaction.TransactionalTestExecutionListener@47caedad, org.springframework.test.context.jdbc.SqlScriptsTestExecutionListener@7139992f, org.springframework.test.context.event.EventPublishingTestExecutionListener@69504ae9, org.springframework.boot.test.mock.mockito.ResetMocksTestExecutionListener@387a8303, org.springframework.boot.test.autoconfigure.restdocs.RestDocsTestExecutionListener@28cda624, org.springframework.boot.test.autoconfigure.web.client.MockRestServiceServerResetTestExecutionListener@1500b2f3, org.springframework.boot.test.autoconfigure.web.servlet.MockMvcPrintOnlyOnFailureTestExecutionListener@7eecb5b8, org.springframework.boot.test.autoconfigure.web.servlet.WebDriverTestExecutionListener@126253fd]
2020-10-15 14:20:52.330 [main] INFO  c.b.s.m.r.MqRabbitmqApplicationTests | Starting MqRabbitmqApplicationTests on DESKTOP-58J4T2H with PID 6272 (started by admin in C:\Users\admin\IdeaProjects\springcloud\amqps\mq-rabbitmq)
2020-10-15 14:20:52.334 [main] INFO  c.b.s.m.r.MqRabbitmqApplicationTests | No active profile set, falling back to default profiles: default
2020-10-15 14:20:59.964 [main] INFO  c.b.s.m.r.l.DynamicSimpleMessageListenerContainer | >>>>>>>>>>>>>>>>>队列实例:debug.queue
2020-10-15 14:20:59.972 [main] INFO  c.b.s.m.r.l.DynamicSimpleMessageListenerContainer | >>>>>>>>>>>>>>>>>队列实例:error.queue
2020-10-15 14:20:59.973 [main] INFO  c.b.s.m.r.l.DynamicSimpleMessageListenerContainer | >>>>>>>>>>>>>>>>>队列实例:info.queue
2020-10-15 14:21:02.060 [main] INFO  o.s.s.c.ThreadPoolTaskExecutor | Initializing ExecutorService 'applicationTaskExecutor'
2020-10-15 14:21:03.437 [main] INFO  o.s.a.r.c.CachingConnectionFactory | Attempting to connect to: [192.168.1.111:5672]
2020-10-15 14:21:03.743 [main] INFO  o.s.a.r.c.CachingConnectionFactory | Created new connection: rabbitConnectionFactory#5ff2e84b:0/SimpleConnection@5679e96b [delegate=amqp://guest@192.168.1.111:5672/, localPort= 4819]
2020-10-15 14:21:04.392 [main] INFO  c.b.s.m.r.MqRabbitmqApplicationTests | Started MqRabbitmqApplicationTests in 13.259 seconds (JVM running for 17.005)
2020-10-15 14:21:04.409 [main] ERROR o.s.test.context.TestContextManager | Caught exception while allowing TestExecutionListener [org.springframework.test.context.web.ServletTestExecutionListener@58e1d9d] to prepare test instance [com.boonya.springcloud.messages.rabbitmq.MqRabbitmqApplicationTests@4052c8c2]
java.lang.NoSuchMethodError: org.springframework.core.CollectionFactory.createLinkedMapIfPossible(I)Ljava/util/Map;
	at org.springframework.mock.web.MockHttpServletRequest.<init>(MockHttpServletRequest.java:107)
	at org.springframework.mock.web.MockHttpServletRequest.<init>(MockHttpServletRequest.java:210)
	at org.springframework.test.context.web.ServletTestExecutionListener.setUpRequestContextIfNecessary(ServletTestExecutionListener.java:206)
	at org.springframework.test.context.web.ServletTestExecutionListener.prepareTestInstance(ServletTestExecutionListener.java:132)
	at org.springframework.test.context.TestContextManager.prepareTestInstance(TestContextManager.java:244)
	at org.springframework.test.context.junit4.SpringJUnit4ClassRunner.createTest(SpringJUnit4ClassRunner.java:227)
	at org.springframework.test.context.junit4.SpringJUnit4ClassRunner$1.runReflectiveCall(SpringJUnit4ClassRunner.java:289)
	at org.junit.internal.runners.model.ReflectiveCallable.run(ReflectiveCallable.java:12)
	at org.springframework.test.context.junit4.SpringJUnit4ClassRunner.methodBlock(SpringJUnit4ClassRunner.java:291)
	at org.springframework.test.context.junit4.SpringJUnit4ClassRunner.runChild(SpringJUnit4ClassRunner.java:246)
	at org.springframework.test.context.junit4.SpringJUnit4ClassRunner.runChild(SpringJUnit4ClassRunner.java:97)
	at org.junit.runners.ParentRunner$3.run(ParentRunner.java:290)
	at org.junit.runners.ParentRunner$1.schedule(ParentRunner.java:71)
	at org.junit.runners.ParentRunner.runChildren(ParentRunner.java:288)
	at org.junit.runners.ParentRunner.access$000(ParentRunner.java:58)
	at org.junit.runners.ParentRunner$2.evaluate(ParentRunner.java:268)
	at org.springframework.test.context.junit4.statements.RunBeforeTestClassCallbacks.evaluate(RunBeforeTestClassCallbacks.java:61)
	at org.springframework.test.context.junit4.statements.RunAfterTestClassCallbacks.evaluate(RunAfterTestClassCallbacks.java:70)
	at org.junit.runners.ParentRunner.run(ParentRunner.java:363)
	at org.springframework.test.context.junit4.SpringJUnit4ClassRunner.run(SpringJUnit4ClassRunner.java:190)
	at org.junit.runner.JUnitCore.run(JUnitCore.java:137)
	at org.junit.runner.JUnitCore.run(JUnitCore.java:115)
	at org.junit.vintage.engine.execution.RunnerExecutor.execute(RunnerExecutor.java:40)
	at java.util.stream.ForEachOps$ForEachOp$OfRef.accept(ForEachOps.java:184)
	at java.util.stream.ReferencePipeline$3$1.accept(ReferencePipeline.java:193)
	at java.util.Iterator.forEachRemaining(Iterator.java:116)
	at java.util.Spliterators$IteratorSpliterator.forEachRemaining(Spliterators.java:1801)
	at java.util.stream.AbstractPipeline.copyInto(AbstractPipeline.java:481)
	at java.util.stream.AbstractPipeline.wrapAndCopyInto(AbstractPipeline.java:471)
	at java.util.stream.ForEachOps$ForEachOp.evaluateSequential(ForEachOps.java:151)
	at java.util.stream.ForEachOps$ForEachOp$OfRef.evaluateSequential(ForEachOps.java:174)
	at java.util.stream.AbstractPipeline.evaluate(AbstractPipeline.java:234)
	at java.util.stream.ReferencePipeline.forEach(ReferencePipeline.java:418)
	at org.junit.vintage.engine.VintageTestEngine.executeAllChildren(VintageTestEngine.java:80)
	at org.junit.vintage.engine.VintageTestEngine.execute(VintageTestEngine.java:71)
	at org.junit.platform.launcher.core.DefaultLauncher.execute(DefaultLauncher.java:220)
	at org.junit.platform.launcher.core.DefaultLauncher.lambda$execute$6(DefaultLauncher.java:188)
	at org.junit.platform.launcher.core.DefaultLauncher.withInterceptedStreams(DefaultLauncher.java:202)
	at org.junit.platform.launcher.core.DefaultLauncher.execute(DefaultLauncher.java:181)
	at org.junit.platform.launcher.core.DefaultLauncher.execute(DefaultLauncher.java:128)
	at org.apache.maven.surefire.junitplatform.JUnitPlatformProvider.invokeAllTests(JUnitPlatformProvider.java:150)
	at org.apache.maven.surefire.junitplatform.JUnitPlatformProvider.invoke(JUnitPlatformProvider.java:124)
	at org.apache.maven.surefire.booter.ForkedBooter.invokeProviderInSameClassLoader(ForkedBooter.java:384)
	at org.apache.maven.surefire.booter.ForkedBooter.runSuitesInProcess(ForkedBooter.java:345)
	at org.apache.maven.surefire.booter.ForkedBooter.execute(ForkedBooter.java:126)
	at org.apache.maven.surefire.booter.ForkedBooter.main(ForkedBooter.java:418)
2020-10-15 14:21:04.739 [SpringContextShutdownHook] INFO  o.s.a.r.l.SimpleMessageListenerContainer | Waiting for workers to finish.
2020-10-15 14:21:05.257 [SpringContextShutdownHook] INFO  o.s.a.r.l.SimpleMessageListenerContainer | Successfully waited for workers to finish.
2020-10-15 14:21:05.260 [SpringContextShutdownHook] INFO  o.s.a.r.l.SimpleMessageListenerContainer | Waiting for workers to finish.
2020-10-15 14:21:10.261 [SpringContextShutdownHook] INFO  o.s.a.r.l.SimpleMessageListenerContainer | Workers not finished.
2020-10-15 14:21:10.263 [SpringContextShutdownHook] WARN  o.s.a.r.l.SimpleMessageListenerContainer | Closing channel for unresponsive consumer: Consumer@7724704f: tags=[[amq.ctag-9IsSFgtRDKPOjwJVQBZnYg]], channel=Cached Rabbit Channel: PublisherCallbackChannelImpl: AMQChannel(amqp://guest@192.168.1.111:5672/,11), conn: Proxy@4d41ba0f Shared Rabbit Connection: SimpleConnection@5679e96b [delegate=amqp://guest@192.168.1.111:5672/, localPort= 4819], acknowledgeMode=MANUAL local queue size=29
2020-10-15 14:21:10.273 [SpringContextShutdownHook] INFO  o.s.a.r.l.SimpleMessageListenerContainer | Waiting for workers to finish.
2020-10-15 14:21:10.322 [SpringContextShutdownHook] INFO  o.s.a.r.l.SimpleMessageListenerContainer | Successfully waited for workers to finish.
2020-10-15 14:21:10.324 [SpringContextShutdownHook] INFO  o.s.a.r.l.SimpleMessageListenerContainer | Waiting for workers to finish.
2020-10-15 14:21:10.413 [SpringContextShutdownHook] INFO  o.s.a.r.l.SimpleMessageListenerContainer | Successfully waited for workers to finish.
2020-10-15 14:21:10.426 [SpringContextShutdownHook] INFO  o.s.a.r.l.SimpleMessageListenerContainer | Shutdown ignored - container is not active already
2020-10-15 14:21:10.426 [SpringContextShutdownHook] INFO  o.s.a.r.l.SimpleMessageListenerContainer | Shutdown ignored - container is not active already
2020-10-15 14:21:10.426 [SpringContextShutdownHook] INFO  o.s.a.r.l.SimpleMessageListenerContainer | Shutdown ignored - container is not active already
2020-10-15 14:21:10.427 [SpringContextShutdownHook] INFO  o.s.s.c.ThreadPoolTaskExecutor | Shutting down ExecutorService 'applicationTaskExecutor'
2020-10-15 14:21:10.428 [SpringContextShutdownHook] INFO  o.s.a.r.l.SimpleMessageListenerContainer | Shutdown ignored - container is not active already
